Determining if the pthread_create exist failed with the following output:
Change Dir: /home/thomas/ROB530/final_project/build/CMakeFiles/CMakeTmp

Run Build Command:"/usr/bin/make" "cmTC_208c4/fast"
/usr/bin/make -f CMakeFiles/cmTC_208c4.dir/build.make CMakeFiles/cmTC_208c4.dir/build
make[1]: Entering directory '/home/thomas/ROB530/final_project/build/CMakeFiles/CMakeTmp'
Building C object CMakeFiles/cmTC_208c4.dir/CheckSymbolExists.c.o
/usr/bin/cc     -o CMakeFiles/cmTC_208c4.dir/CheckSymbolExists.c.o   -c /home/thomas/ROB530/final_project/build/CMakeFiles/CMakeTmp/CheckSymbolExists.c
Linking C executable cmTC_208c4
/usr/bin/cmake -E cmake_link_script CMakeFiles/cmTC_208c4.dir/link.txt --verbose=1
/usr/bin/cc       CMakeFiles/cmTC_208c4.dir/CheckSymbolExists.c.o  -o cmTC_208c4 -rdynamic 
CMakeFiles/cmTC_208c4.dir/CheckSymbolExists.c.o: In function `main':
CheckSymbolExists.c:(.text+0x16): undefined reference to `pthread_create'
collect2: error: ld returned 1 exit status
CMakeFiles/cmTC_208c4.dir/build.make:97: recipe for target 'cmTC_208c4' failed
make[1]: *** [cmTC_208c4] Error 1
make[1]: Leaving directory '/home/thomas/ROB530/final_project/build/CMakeFiles/CMakeTmp'
Makefile:126: recipe for target 'cmTC_208c4/fast' failed
make: *** [cmTC_208c4/fast] Error 2

File /home/thomas/ROB530/final_project/build/CMakeFiles/CMakeTmp/CheckSymbolExists.c:
/* */
#include <pthread.h>

int main(int argc, char** argv)
{
  (void)argv;
#ifndef pthread_create
  return ((int*)(&pthread_create))[argc];
#else
  (void)argc;
  return 0;
#endif
}

Determining if the function pthread_create exists in the pthreads failed with the following output:
Change Dir: /home/thomas/ROB530/final_project/build/CMakeFiles/CMakeTmp

Run Build Command:"/usr/bin/make" "cmTC_d3809/fast"
/usr/bin/make -f CMakeFiles/cmTC_d3809.dir/build.make CMakeFiles/cmTC_d3809.dir/build
make[1]: Entering directory '/home/thomas/ROB530/final_project/build/CMakeFiles/CMakeTmp'
Building C object CMakeFiles/cmTC_d3809.dir/CheckFunctionExists.c.o
/usr/bin/cc    -DCHECK_FUNCTION_EXISTS=pthread_create   -o CMakeFiles/cmTC_d3809.dir/CheckFunctionExists.c.o   -c /usr/share/cmake-3.5/Modules/CheckFunctionExists.c
Linking C executable cmTC_d3809
/usr/bin/cmake -E cmake_link_script CMakeFiles/cmTC_d3809.dir/link.txt --verbose=1
/usr/bin/cc   -DCHECK_FUNCTION_EXISTS=pthread_create    CMakeFiles/cmTC_d3809.dir/CheckFunctionExists.c.o  -o cmTC_d3809 -rdynamic -lpthreads 
/usr/bin/ld: cannot find -lpthreads
collect2: error: ld returned 1 exit status
CMakeFiles/cmTC_d3809.dir/build.make:97: recipe for target 'cmTC_d3809' failed
make[1]: *** [cmTC_d3809] Error 1
make[1]: Leaving directory '/home/thomas/ROB530/final_project/build/CMakeFiles/CMakeTmp'
Makefile:126: recipe for target 'cmTC_d3809/fast' failed
make: *** [cmTC_d3809/fast] Error 2


Performing C SOURCE FILE Test CMAKE_HAVE_LIBC_PTHREAD failed with the following output:
Change Dir: /home/thomas/ROB530/final_project/build/CMakeFiles/CMakeTmp

Run Build Command(s):/usr/bin/make cmTC_e78b4/fast && /usr/bin/make -f CMakeFiles/cmTC_e78b4.dir/build.make CMakeFiles/cmTC_e78b4.dir/build
make[1]: Entering directory '/home/thomas/ROB530/final_project/build/CMakeFiles/CMakeTmp'
Building C object CMakeFiles/cmTC_e78b4.dir/src.c.o
/usr/bin/cc   -DCMAKE_HAVE_LIBC_PTHREAD   -o CMakeFiles/cmTC_e78b4.dir/src.c.o   -c /home/thomas/ROB530/final_project/build/CMakeFiles/CMakeTmp/src.c
Linking C executable cmTC_e78b4
/usr/bin/cmake -E cmake_link_script CMakeFiles/cmTC_e78b4.dir/link.txt --verbose=1
/usr/bin/cc  -DCMAKE_HAVE_LIBC_PTHREAD    CMakeFiles/cmTC_e78b4.dir/src.c.o  -o cmTC_e78b4 
CMakeFiles/cmTC_e78b4.dir/src.c.o: In function `main':
src.c:(.text+0x3c): undefined reference to `pthread_create'
src.c:(.text+0x48): undefined reference to `pthread_detach'
src.c:(.text+0x54): undefined reference to `pthread_cancel'
src.c:(.text+0x65): undefined reference to `pthread_join'
src.c:(.text+0x79): undefined reference to `pthread_atfork'
collect2: error: ld returned 1 exit status
CMakeFiles/cmTC_e78b4.dir/build.make:103: recipe for target 'cmTC_e78b4' failed
make[1]: *** [cmTC_e78b4] Error 1
make[1]: Leaving directory '/home/thomas/ROB530/final_project/build/CMakeFiles/CMakeTmp'
Makefile:138: recipe for target 'cmTC_e78b4/fast' failed
make: *** [cmTC_e78b4/fast] Error 2


Source file was:
#include <pthread.h>

void* test_func(void* data)
{
  return data;
}

int main(void)
{
  pthread_t thread;
  pthread_create(&thread, NULL, test_func, NULL);
  pthread_detach(thread);
  pthread_cancel(thread);
  pthread_join(thread, NULL);
  pthread_atfork(NULL, NULL, NULL);
  pthread_exit(NULL);

  return 0;
}

